[0.042s] Invoking command in '/aichallenge/build/traj_follower_cpp': CMAKE_PREFIX_PATH=${CMAKE_PREFIX_PATH}:/autoware/install/simulator_compatibility_test:/autoware/install/ad_api_visualizers:/opt/ros/humble PS1=\[\e]0;(AIC_DEV) \u@\h: \w\a\](AIC_DEV) \[\033[01;32m\]\u@\h\[\033[00m\]:\[\033[01;34m\]\w\[\033[00m\]$ /usr/bin/cmake /aichallenge/workspace/src/traj_follower_cpp -DCMAKE_INSTALL_PREFIX=/aichallenge/install/traj_follower_cpp
[0.212s] -- The C compiler identification is GNU 11.4.0
[0.318s] -- The CXX compiler identification is GNU 11.4.0
[0.338s] -- Detecting C compiler ABI info
[0.574s] -- Detecting C compiler ABI info - done
[0.580s] -- Check for working C compiler: /usr/bin/cc - skipped
[0.580s] -- Detecting C compile features
[0.581s] -- Detecting C compile features - done
[0.583s] -- Detecting CXX compiler ABI info
[0.820s] -- Detecting CXX compiler ABI info - done
[0.826s] -- Check for working CXX compiler: /usr/bin/c++ - skipped
[0.827s] -- Detecting CXX compile features
[0.827s] -- Detecting CXX compile features - done
[0.865s] -- Found ament_cmake: 1.3.11 (/opt/ros/humble/share/ament_cmake/cmake)
[1.195s] -- Found Python3: /usr/bin/python3 (found version "3.10.12") found components: Interpreter 
[1.828s] -- Found rclcpp: 16.0.12 (/opt/ros/humble/share/rclcpp/cmake)
[2.253s] -- Found rosidl_generator_c: 3.1.6 (/opt/ros/humble/share/rosidl_generator_c/cmake)
[2.326s] -- Found rosidl_adapter: 3.1.6 (/opt/ros/humble/share/rosidl_adapter/cmake)
[2.403s] -- Found rosidl_generator_cpp: 3.1.6 (/opt/ros/humble/share/rosidl_generator_cpp/cmake)
[2.495s] -- Using all available rosidl_typesupport_c: rosidl_typesupport_fastrtps_c;rosidl_typesupport_introspection_c
[2.625s] -- Using all available rosidl_typesupport_cpp: rosidl_typesupport_fastrtps_cpp;rosidl_typesupport_introspection_cpp
[3.022s] -- Found rmw_implementation_cmake: 6.1.2 (/opt/ros/humble/share/rmw_implementation_cmake/cmake)
[3.071s] -- Found rmw_cyclonedds_cpp: 1.3.4 (/opt/ros/humble/share/rmw_cyclonedds_cpp/cmake)
[3.309s] -- Using RMW implementation 'rmw_cyclonedds_cpp' as default
[3.421s] -- Looking for pthread.h
[3.655s] -- Looking for pthread.h - found
[3.655s] -- Performing Test CMAKE_HAVE_LIBC_PTHREAD
[3.887s] -- Performing Test CMAKE_HAVE_LIBC_PTHREAD - Success
[3.888s] -- Found Threads: TRUE  
[4.107s] -- Found geometry_msgs: 4.8.0 (/opt/ros/humble/share/geometry_msgs/cmake)
[4.154s] -- Found nav_msgs: 4.8.0 (/opt/ros/humble/share/nav_msgs/cmake)
[4.202s] -- Found autoware_auto_planning_msgs: 1.0.0 (/autoware/install/autoware_auto_planning_msgs/share/autoware_auto_planning_msgs/cmake)
[4.447s] -- Found autoware_auto_control_msgs: 1.0.0 (/autoware/install/autoware_auto_control_msgs/share/autoware_auto_control_msgs/cmake)
[4.588s] -- Configuring done
[4.603s] -- Generating done
[4.606s] -- Build files have been written to: /aichallenge/build/traj_follower_cpp
[4.613s] Invoked command in '/aichallenge/build/traj_follower_cpp' returned '0': CMAKE_PREFIX_PATH=${CMAKE_PREFIX_PATH}:/autoware/install/simulator_compatibility_test:/autoware/install/ad_api_visualizers:/opt/ros/humble PS1=\[\e]0;(AIC_DEV) \u@\h: \w\a\](AIC_DEV) \[\033[01;32m\]\u@\h\[\033[00m\]:\[\033[01;34m\]\w\[\033[00m\]$ /usr/bin/cmake /aichallenge/workspace/src/traj_follower_cpp -DCMAKE_INSTALL_PREFIX=/aichallenge/install/traj_follower_cpp
[4.615s] Invoking command in '/aichallenge/build/traj_follower_cpp': CMAKE_PREFIX_PATH=${CMAKE_PREFIX_PATH}:/autoware/install/simulator_compatibility_test:/autoware/install/ad_api_visualizers:/opt/ros/humble PS1=\[\e]0;(AIC_DEV) \u@\h: \w\a\](AIC_DEV) \[\033[01;32m\]\u@\h\[\033[00m\]:\[\033[01;34m\]\w\[\033[00m\]$ /usr/bin/cmake --build /aichallenge/build/traj_follower_cpp -- -j8 -l8
[4.847s] [ 50%] [32mBuilding CXX object CMakeFiles/traj_follower_node.dir/src/traj_follower_node.cpp.o[0m
[13.301s] [100%] [32m[1mLinking CXX executable traj_follower_node[0m
[13.852s] [100%] Built target traj_follower_node
[13.891s] Invoked command in '/aichallenge/build/traj_follower_cpp' returned '0': CMAKE_PREFIX_PATH=${CMAKE_PREFIX_PATH}:/autoware/install/simulator_compatibility_test:/autoware/install/ad_api_visualizers:/opt/ros/humble PS1=\[\e]0;(AIC_DEV) \u@\h: \w\a\](AIC_DEV) \[\033[01;32m\]\u@\h\[\033[00m\]:\[\033[01;34m\]\w\[\033[00m\]$ /usr/bin/cmake --build /aichallenge/build/traj_follower_cpp -- -j8 -l8
[13.927s] Invoking command in '/aichallenge/build/traj_follower_cpp': CMAKE_PREFIX_PATH=${CMAKE_PREFIX_PATH}:/autoware/install/simulator_compatibility_test:/autoware/install/ad_api_visualizers:/opt/ros/humble PS1=\[\e]0;(AIC_DEV) \u@\h: \w\a\](AIC_DEV) \[\033[01;32m\]\u@\h\[\033[00m\]:\[\033[01;34m\]\w\[\033[00m\]$ /usr/bin/cmake --install /aichallenge/build/traj_follower_cpp
[13.961s] -- Install configuration: ""
[13.961s] -- Installing: /aichallenge/install/traj_follower_cpp/lib/traj_follower_cpp/traj_follower_node
[13.967s] -- Set runtime path of "/aichallenge/install/traj_follower_cpp/lib/traj_follower_cpp/traj_follower_node" to ""
[13.967s] -- Installing: /aichallenge/install/traj_follower_cpp/share/ament_index/resource_index/package_run_dependencies/traj_follower_cpp
[13.967s] -- Installing: /aichallenge/install/traj_follower_cpp/share/ament_index/resource_index/parent_prefix_path/traj_follower_cpp
[13.967s] -- Installing: /aichallenge/install/traj_follower_cpp/share/traj_follower_cpp/environment/ament_prefix_path.sh
[13.967s] -- Installing: /aichallenge/install/traj_follower_cpp/share/traj_follower_cpp/environment/ament_prefix_path.dsv
[13.968s] -- Installing: /aichallenge/install/traj_follower_cpp/share/traj_follower_cpp/environment/path.sh
[13.968s] -- Installing: /aichallenge/install/traj_follower_cpp/share/traj_follower_cpp/environment/path.dsv
[13.968s] -- Installing: /aichallenge/install/traj_follower_cpp/share/traj_follower_cpp/local_setup.bash
[13.968s] -- Installing: /aichallenge/install/traj_follower_cpp/share/traj_follower_cpp/local_setup.sh
[13.968s] -- Installing: /aichallenge/install/traj_follower_cpp/share/traj_follower_cpp/local_setup.zsh
[13.968s] -- Installing: /aichallenge/install/traj_follower_cpp/share/traj_follower_cpp/local_setup.dsv
[13.968s] -- Installing: /aichallenge/install/traj_follower_cpp/share/traj_follower_cpp/package.dsv
[13.969s] -- Installing: /aichallenge/install/traj_follower_cpp/share/ament_index/resource_index/packages/traj_follower_cpp
[13.969s] -- Installing: /aichallenge/install/traj_follower_cpp/share/traj_follower_cpp/cmake/traj_follower_cppConfig.cmake
[13.969s] -- Installing: /aichallenge/install/traj_follower_cpp/share/traj_follower_cpp/cmake/traj_follower_cppConfig-version.cmake
[13.969s] -- Installing: /aichallenge/install/traj_follower_cpp/share/traj_follower_cpp/package.xml
[13.972s] Invoked command in '/aichallenge/build/traj_follower_cpp' returned '0': CMAKE_PREFIX_PATH=${CMAKE_PREFIX_PATH}:/autoware/install/simulator_compatibility_test:/autoware/install/ad_api_visualizers:/opt/ros/humble PS1=\[\e]0;(AIC_DEV) \u@\h: \w\a\](AIC_DEV) \[\033[01;32m\]\u@\h\[\033[00m\]:\[\033[01;34m\]\w\[\033[00m\]$ /usr/bin/cmake --install /aichallenge/build/traj_follower_cpp
