[0.042s] Invoking command in '/aichallenge/workspace/src/build/traj_follower_cpp': CMAKE_PREFIX_PATH=${CMAKE_PREFIX_PATH}:/autoware/install/simulator_compatibility_test:/autoware/install/ad_api_visualizers:/opt/ros/humble PS1=\[\e]0;(AIC_DEV) \u@\h: \w\a\](AIC_DEV) \[\033[01;32m\]\u@\h\[\033[00m\]:\[\033[01;34m\]\w\[\033[00m\]$ /usr/bin/cmake /aichallenge/workspace/src/traj_follower_cpp -DCMAKE_INSTALL_PREFIX=/aichallenge/workspace/src/install/traj_follower_cpp
[0.230s] -- The C compiler identification is GNU 11.4.0
[0.335s] -- The CXX compiler identification is GNU 11.4.0
[0.351s] -- Detecting C compiler ABI info
[0.587s] -- Detecting C compiler ABI info - done
[0.594s] -- Check for working C compiler: /usr/bin/cc - skipped
[0.594s] -- Detecting C compile features
[0.594s] -- Detecting C compile features - done
[0.597s] -- Detecting CXX compiler ABI info
[0.838s] -- Detecting CXX compiler ABI info - done
[0.845s] -- Check for working CXX compiler: /usr/bin/c++ - skipped
[0.845s] -- Detecting CXX compile features
[0.846s] -- Detecting CXX compile features - done
[0.883s] -- Found ament_cmake: 1.3.11 (/opt/ros/humble/share/ament_cmake/cmake)
[1.224s] -- Found Python3: /usr/bin/python3 (found version "3.10.12") found components: Interpreter 
[1.854s] -- Found rclcpp: 16.0.12 (/opt/ros/humble/share/rclcpp/cmake)
[2.275s] -- Found rosidl_generator_c: 3.1.6 (/opt/ros/humble/share/rosidl_generator_c/cmake)
[2.347s] -- Found rosidl_adapter: 3.1.6 (/opt/ros/humble/share/rosidl_adapter/cmake)
[2.423s] -- Found rosidl_generator_cpp: 3.1.6 (/opt/ros/humble/share/rosidl_generator_cpp/cmake)
[2.515s] -- Using all available rosidl_typesupport_c: rosidl_typesupport_fastrtps_c;rosidl_typesupport_introspection_c
[2.644s] -- Using all available rosidl_typesupport_cpp: rosidl_typesupport_fastrtps_cpp;rosidl_typesupport_introspection_cpp
[3.039s] -- Found rmw_implementation_cmake: 6.1.2 (/opt/ros/humble/share/rmw_implementation_cmake/cmake)
[3.087s] -- Found rmw_cyclonedds_cpp: 1.3.4 (/opt/ros/humble/share/rmw_cyclonedds_cpp/cmake)
[3.322s] -- Using RMW implementation 'rmw_cyclonedds_cpp' as default
[3.432s] -- Looking for pthread.h
[3.669s] -- Looking for pthread.h - found
[3.669s] -- Performing Test CMAKE_HAVE_LIBC_PTHREAD
[3.911s] -- Performing Test CMAKE_HAVE_LIBC_PTHREAD - Success
[3.912s] -- Found Threads: TRUE  
[4.132s] -- Found geometry_msgs: 4.8.0 (/opt/ros/humble/share/geometry_msgs/cmake)
[4.179s] -- Found nav_msgs: 4.8.0 (/opt/ros/humble/share/nav_msgs/cmake)
[4.226s] -- Found autoware_auto_planning_msgs: 1.0.0 (/autoware/install/autoware_auto_planning_msgs/share/autoware_auto_planning_msgs/cmake)
[4.471s] -- Found autoware_auto_control_msgs: 1.0.0 (/autoware/install/autoware_auto_control_msgs/share/autoware_auto_control_msgs/cmake)
[4.614s] -- Configuring done
[4.630s] -- Generating done
[4.634s] -- Build files have been written to: /aichallenge/workspace/src/build/traj_follower_cpp
[4.641s] Invoked command in '/aichallenge/workspace/src/build/traj_follower_cpp' returned '0': CMAKE_PREFIX_PATH=${CMAKE_PREFIX_PATH}:/autoware/install/simulator_compatibility_test:/autoware/install/ad_api_visualizers:/opt/ros/humble PS1=\[\e]0;(AIC_DEV) \u@\h: \w\a\](AIC_DEV) \[\033[01;32m\]\u@\h\[\033[00m\]:\[\033[01;34m\]\w\[\033[00m\]$ /usr/bin/cmake /aichallenge/workspace/src/traj_follower_cpp -DCMAKE_INSTALL_PREFIX=/aichallenge/workspace/src/install/traj_follower_cpp
[4.643s] Invoking command in '/aichallenge/workspace/src/build/traj_follower_cpp': CMAKE_PREFIX_PATH=${CMAKE_PREFIX_PATH}:/autoware/install/simulator_compatibility_test:/autoware/install/ad_api_visualizers:/opt/ros/humble PS1=\[\e]0;(AIC_DEV) \u@\h: \w\a\](AIC_DEV) \[\033[01;32m\]\u@\h\[\033[00m\]:\[\033[01;34m\]\w\[\033[00m\]$ /usr/bin/cmake --build /aichallenge/workspace/src/build/traj_follower_cpp -- -j8 -l8
[4.884s] [ 50%] [32mBuilding CXX object CMakeFiles/traj_follower_node.dir/src/traj_follower_node.cpp.o[0m
[13.882s] [100%] [32m[1mLinking CXX executable traj_follower_node[0m
[14.427s] [100%] Built target traj_follower_node
[14.466s] Invoked command in '/aichallenge/workspace/src/build/traj_follower_cpp' returned '0': CMAKE_PREFIX_PATH=${CMAKE_PREFIX_PATH}:/autoware/install/simulator_compatibility_test:/autoware/install/ad_api_visualizers:/opt/ros/humble PS1=\[\e]0;(AIC_DEV) \u@\h: \w\a\](AIC_DEV) \[\033[01;32m\]\u@\h\[\033[00m\]:\[\033[01;34m\]\w\[\033[00m\]$ /usr/bin/cmake --build /aichallenge/workspace/src/build/traj_follower_cpp -- -j8 -l8
[14.502s] Invoking command in '/aichallenge/workspace/src/build/traj_follower_cpp': CMAKE_PREFIX_PATH=${CMAKE_PREFIX_PATH}:/autoware/install/simulator_compatibility_test:/autoware/install/ad_api_visualizers:/opt/ros/humble PS1=\[\e]0;(AIC_DEV) \u@\h: \w\a\](AIC_DEV) \[\033[01;32m\]\u@\h\[\033[00m\]:\[\033[01;34m\]\w\[\033[00m\]$ /usr/bin/cmake --install /aichallenge/workspace/src/build/traj_follower_cpp
[14.536s] -- Install configuration: ""
[14.536s] -- Installing: /aichallenge/workspace/src/install/traj_follower_cpp/lib/traj_follower_cpp/traj_follower_node
[14.541s] -- Set runtime path of "/aichallenge/workspace/src/install/traj_follower_cpp/lib/traj_follower_cpp/traj_follower_node" to ""
[14.542s] -- Installing: /aichallenge/workspace/src/install/traj_follower_cpp/share/ament_index/resource_index/package_run_dependencies/traj_follower_cpp
[14.542s] -- Installing: /aichallenge/workspace/src/install/traj_follower_cpp/share/ament_index/resource_index/parent_prefix_path/traj_follower_cpp
[14.542s] -- Installing: /aichallenge/workspace/src/install/traj_follower_cpp/share/traj_follower_cpp/environment/ament_prefix_path.sh
[14.542s] -- Installing: /aichallenge/workspace/src/install/traj_follower_cpp/share/traj_follower_cpp/environment/ament_prefix_path.dsv
[14.542s] -- Installing: /aichallenge/workspace/src/install/traj_follower_cpp/share/traj_follower_cpp/environment/path.sh
[14.542s] -- Installing: /aichallenge/workspace/src/install/traj_follower_cpp/share/traj_follower_cpp/environment/path.dsv
[14.543s] -- Installing: /aichallenge/workspace/src/install/traj_follower_cpp/share/traj_follower_cpp/local_setup.bash
[14.543s] -- Installing: /aichallenge/workspace/src/install/traj_follower_cpp/share/traj_follower_cpp/local_setup.sh
[14.543s] -- Installing: /aichallenge/workspace/src/install/traj_follower_cpp/share/traj_follower_cpp/local_setup.zsh
[14.543s] -- Installing: /aichallenge/workspace/src/install/traj_follower_cpp/share/traj_follower_cpp/local_setup.dsv
[14.543s] -- Installing: /aichallenge/workspace/src/install/traj_follower_cpp/share/traj_follower_cpp/package.dsv
[14.543s] -- Installing: /aichallenge/workspace/src/install/traj_follower_cpp/share/ament_index/resource_index/packages/traj_follower_cpp
[14.544s] -- Installing: /aichallenge/workspace/src/install/traj_follower_cpp/share/traj_follower_cpp/cmake/traj_follower_cppConfig.cmake
[14.544s] -- Installing: /aichallenge/workspace/src/install/traj_follower_cpp/share/traj_follower_cpp/cmake/traj_follower_cppConfig-version.cmake
[14.544s] -- Installing: /aichallenge/workspace/src/install/traj_follower_cpp/share/traj_follower_cpp/package.xml
[14.546s] Invoked command in '/aichallenge/workspace/src/build/traj_follower_cpp' returned '0': CMAKE_PREFIX_PATH=${CMAKE_PREFIX_PATH}:/autoware/install/simulator_compatibility_test:/autoware/install/ad_api_visualizers:/opt/ros/humble PS1=\[\e]0;(AIC_DEV) \u@\h: \w\a\](AIC_DEV) \[\033[01;32m\]\u@\h\[\033[00m\]:\[\033[01;34m\]\w\[\033[00m\]$ /usr/bin/cmake --install /aichallenge/workspace/src/build/traj_follower_cpp
