[0.536s] Invoking command in '/aichallenge/build/traj_follower_py': PS1=\[\e]0;(AIC_DEV) \u@\h: \w\a\](AIC_DEV) \[\033[01;32m\]\u@\h\[\033[00m\]:\[\033[01;34m\]\w\[\033[00m\]$ PYTHONPATH=/aichallenge/build/traj_follower_py/prefix_override:/usr/lib/python3/dist-packages/colcon_core/task/python/colcon_distutils_commands:/aichallenge/install/traj_follower_py/lib/python3.10/site-packages: /usr/bin/python3 -W ignore:setup.py install is deprecated -W ignore:easy_install command is deprecated setup.py develop --editable --build-directory /aichallenge/build/traj_follower_py/build --no-deps symlink_data
[0.733s] running develop
[0.828s] running egg_info
[0.828s] creating traj_follower_py.egg-info
[0.828s] writing traj_follower_py.egg-info/PKG-INFO
[0.828s] writing dependency_links to traj_follower_py.egg-info/dependency_links.txt
[0.828s] writing entry points to traj_follower_py.egg-info/entry_points.txt
[0.828s] writing requirements to traj_follower_py.egg-info/requires.txt
[0.828s] writing top-level names to traj_follower_py.egg-info/top_level.txt
[0.828s] writing manifest file 'traj_follower_py.egg-info/SOURCES.txt'
[0.829s] reading manifest file 'traj_follower_py.egg-info/SOURCES.txt'
[0.830s] writing manifest file 'traj_follower_py.egg-info/SOURCES.txt'
[0.831s] running build_ext
[0.831s] Creating /aichallenge/install/traj_follower_py/lib/python3.10/site-packages/traj-follower-py.egg-link (link to .)
[0.831s] Installing traj_follower script to /aichallenge/install/traj_follower_py/lib/traj_follower_py
[0.832s] 
[0.832s] Installed /aichallenge/build/traj_follower_py
[0.832s] running symlink_data
[0.832s] creating /aichallenge/install/traj_follower_py/share/ament_index
[0.832s] creating /aichallenge/install/traj_follower_py/share/ament_index/resource_index
[0.832s] creating /aichallenge/install/traj_follower_py/share/ament_index/resource_index/packages
[0.832s] symbolically linking /aichallenge/build/traj_follower_py/resource/traj_follower_py -> /aichallenge/install/traj_follower_py/share/ament_index/resource_index/packages
[0.832s] symbolically linking /aichallenge/build/traj_follower_py/package.xml -> /aichallenge/install/traj_follower_py/share/traj_follower_py
[0.833s] creating /aichallenge/install/traj_follower_py/share/traj_follower_py/launch
[0.833s] symbolically linking /aichallenge/build/traj_follower_py/launch/traj_follower.launch.py -> /aichallenge/install/traj_follower_py/share/traj_follower_py/launch
[0.833s] creating /aichallenge/install/traj_follower_py/share/traj_follower_py/config
[0.833s] symbolically linking /aichallenge/build/traj_follower_py/config/traj_follower_params.yaml -> /aichallenge/install/traj_follower_py/share/traj_follower_py/config
[0.833s] creating /aichallenge/install/traj_follower_py/share/traj_follower_py/trajectory
[0.833s] symbolically linking /aichallenge/build/traj_follower_py/trajectory/trajectory_with_speed.csv -> /aichallenge/install/traj_follower_py/share/traj_follower_py/trajectory
[0.851s] Invoked command in '/aichallenge/build/traj_follower_py' returned '0': PS1=\[\e]0;(AIC_DEV) \u@\h: \w\a\](AIC_DEV) \[\033[01;32m\]\u@\h\[\033[00m\]:\[\033[01;34m\]\w\[\033[00m\]$ PYTHONPATH=/aichallenge/build/traj_follower_py/prefix_override:/usr/lib/python3/dist-packages/colcon_core/task/python/colcon_distutils_commands:/aichallenge/install/traj_follower_py/lib/python3.10/site-packages: /usr/bin/python3 -W ignore:setup.py install is deprecated -W ignore:easy_install command is deprecated setup.py develop --editable --build-directory /aichallenge/build/traj_follower_py/build --no-deps symlink_data
