[INFO] [launch]: All log files can be found below /root/.ros/log/2025-08-25-21-51-32-362604-ip-172-21-57-161.ap-northeast-1.compute.internal-204
[INFO] [launch]: Default logging verbosity is set to INFO
[INFO] [launch.user]: The arguments for aichallenge_system_launch.
[INFO] [launch.user]:  - simulation: true
[INFO] [launch.user]:  - use_sim_time: true
[INFO] [launch.user]:  - sensor_model: racing_kart_sensor_kit
[INFO] [launch.user]:  - launch_vehicle_interface: true
[INFO] [launch.user]:  - rviz config: /aichallenge/workspace/install/aichallenge_system_launch/share/aichallenge_system_launch/config/autoware.rviz
[INFO] [launch.user]: The arguments for aichallenge_submit_launch.
[INFO] [launch.user]:  - simulation: true
[INFO] [launch.user]:  - use_sim_time: true
[INFO] [launch.user]:  - sensor_model: racing_kart_sensor_kit
[INFO] [launch.user]:  - launch_vehicle_interface: true
[INFO] [launch.user]: echo launch param use_sim_time: true launch_vehicle_interface: true sensor_model: racing_kart_sensor_kit
[INFO] [robot_state_publisher-1]: process started with pid [218]
[INFO] [vehicle_velocity_converter-2]: process started with pid [220]
[INFO] [imu_corrector-3]: process started with pid [222]
[INFO] [gnss_poser-4]: process started with pid [224]
[INFO] [gyro_odometer-5]: process started with pid [226]
[INFO] [imu_gnss_poser_node-6]: process started with pid [228]
[INFO] [ekf_localizer-7]: process started with pid [230]
[INFO] [twist2accel-8]: process started with pid [233]
[INFO] [simple_trajectory_generator_node-9]: process started with pid [272]
[INFO] [interactive_server-10]: process started with pid [276]
[INFO] [my_cont-11]: process started with pid [285]
[INFO] [component_container-12]: process started with pid [293]
[INFO] [raw_vehicle_cmd_converter_node-13]: process started with pid [305]
[INFO] [goal_pose_setter_node-14]: process started with pid [307]
[INFO] [rviz2-15]: process started with pid [349]
[INFO] [relay-16]: process started with pid [361]
[INFO] [control_mode_adapter.py-17]: process started with pid [365]
[INFO] [actuation_cmd_converter-18]: process started with pid [368]
[INFO] [relay-19]: process started with pid [379]
[INFO] [component_container_mt-20]: process started with pid [412]
[robot_state_publisher-1] [INFO] [1756158693.913727915] [robot_state_publisher]: got segment base_link
[robot_state_publisher-1] [INFO] [1756158693.913855928] [robot_state_publisher]: got segment gnss_link
[robot_state_publisher-1] [INFO] [1756158693.913885079] [robot_state_publisher]: got segment imu_link
[robot_state_publisher-1] [INFO] [1756158693.913900316] [robot_state_publisher]: got segment sensor_kit_base_link
[simple_trajectory_generator_node-9] [INFO] [1756158693.951930658] [planning.scenario_planning.simple_trajectory_generator]: csv_path parameter changed from '' to '/aichallenge/workspace/install/simple_trajectory_generator/share/simple_trajectory_generator/data/raceline_awsim_from_opt.csv'
[simple_trajectory_generator_node-9] [INFO] [1756158693.953321667] [planning.scenario_planning.simple_trajectory_generator]: Successfully loaded new trajectory from CSV: /aichallenge/workspace/install/simple_trajectory_generator/share/simple_trajectory_generator/data/raceline_awsim_from_opt.csv with 370 points
[simple_trajectory_generator_node-9] [INFO] [1756158693.953392775] [planning.scenario_planning.simple_trajectory_generator]: z parameter changed to 6.500000
[simple_trajectory_generator_node-9] [INFO] [1756158693.954402081] [planning.scenario_planning.simple_trajectory_generator]: Loaded trajectory from CSV with 370 points
[rviz2-15] QStandardPaths: wrong permissions on runtime directory /tmp/xdg, 0755 instead of 0700
[rviz2-15] QPainter::begin: Paint device returned engine == 0, type: 2
[rviz2-15] QPainter::setPen: Painter not active
[component_container-12] [INFO] [1756158694.211346184] [map.map_container]: Load Library: /autoware/install/map_loader/lib/liblanelet2_map_loader_node.so
[component_container-12] [INFO] [1756158694.223264503] [map.map_container]: Found class: rclcpp_components::NodeFactoryTemplate<Lanelet2MapLoaderNode>
[component_container-12] [INFO] [1756158694.223315530] [map.map_container]: Instantiate class: rclcpp_components::NodeFactoryTemplate<Lanelet2MapLoaderNode>
[INFO] [launch_ros.actions.load_composable_nodes]: Loaded node '/map/lanelet2_map_loader' in container '/map/map_container'
[component_container-12] [INFO] [1756158694.247041304] [map.map_container]: Load Library: /autoware/install/map_loader/lib/liblanelet2_map_visualization_node.so
[component_container-12] [INFO] [1756158694.248642894] [map.map_container]: Found class: rclcpp_components::NodeFactoryTemplate<Lanelet2MapVisualizationNode>
[component_container-12] [INFO] [1756158694.248677457] [map.map_container]: Instantiate class: rclcpp_components::NodeFactoryTemplate<Lanelet2MapVisualizationNode>
[INFO] [launch_ros.actions.load_composable_nodes]: Loaded node '/map/lanelet2_map_visualization' in container '/map/map_container'
[component_container-12] [INFO] [1756158694.260317490] [map.lanelet2_map_visualization]: Map is loaded
[component_container-12] 
[component_container-12] lineStringWithWidthToPolygon: linestring9826 must have 2 points! (5 != 2)
[component_container-12] Failed to convert to polygon.parking space 9826 failed conversion.
[component_container-12] lineStringWithWidthToPolygon: linestring9849 must have 2 points! (9 != 2)
[component_container-12] Failed to convert to polygon.parking space 9849 failed conversion.
[component_container-12] lineStringWithWidthToPolygon: linestring9838 does not have width tag. Failed to convert to polygon.parking space 9838 failed conversion.
[component_container-12] lineStringWithWidthToPolygon: linestring9807 must have 2 points! (9 != 2)
[component_container-12] Failed to convert to polygon.parking space 9807 failed conversion.
[component_container-12] lineStringWithWidthToPolygon: linestring9835 does not have width tag. Failed to convert to polygon.parking space 9835 failed conversion.
[component_container-12] lineStringWithWidthToPolygon: linestring9832 does not have width tag. Failed to convert to polygon.parking space 9832 failed conversion.
[component_container-12] [INFO] [1756158694.263245558] [map.map_container]: Load Library: /autoware/install/map_tf_generator/lib/libvector_map_tf_generator_node.so
[component_container-12] [INFO] [1756158694.267034470] [map.map_container]: Found class: rclcpp_components::NodeFactoryTemplate<VectorMapTFGeneratorNode>
[component_container-12] [INFO] [1756158694.267066287] [map.map_container]: Instantiate class: rclcpp_components::NodeFactoryTemplate<VectorMapTFGeneratorNode>
[INFO] [launch_ros.actions.load_composable_nodes]: Loaded node '/map/vector_map_tf_generator' in container '/map/map_container'
[component_container-12] [INFO] [1756158694.279711760] [map.vector_map_tf_generator]: broadcast static tf. map_frame:map, viewer_frame:viewer, x:89648.5, y:43155.8, z:6.5
[component_container_mt-20] [INFO] [1756158694.329435968] [system.system_monitor.system_monitor.system_monitor_container]: Load Library: /autoware/install/system_monitor/lib/libcpu_monitor_lib.so
[component_container_mt-20] [INFO] [1756158694.334645706] [system.system_monitor.system_monitor.system_monitor_container]: Found class: rclcpp_components::NodeFactoryTemplate<CPUMonitor>
[component_container_mt-20] [INFO] [1756158694.334707566] [system.system_monitor.system_monitor.system_monitor_container]: Instantiate class: rclcpp_components::NodeFactoryTemplate<CPUMonitor>
[rviz2-15] [INFO] [1756158694.346879108] [rviz2]: Stereo is NOT SUPPORTED
[rviz2-15] [INFO] [1756158694.347716080] [rviz2]: OpenGl version: 4.5 (GLSL 4.5)
[INFO] [launch_ros.actions.load_composable_nodes]: Loaded node '/system/system_monitor/cpu_monitor' in container '/system/system_monitor/system_monitor/system_monitor_container'
[component_container_mt-20] [INFO] [1756158694.363476469] [system.system_monitor.system_monitor.system_monitor_container]: Load Library: /autoware/install/system_monitor/lib/libmem_monitor_lib.so
[component_container_mt-20] [INFO] [1756158694.364177856] [system.system_monitor.system_monitor.system_monitor_container]: Found class: rclcpp_components::NodeFactoryTemplate<MemMonitor>
[component_container_mt-20] [INFO] [1756158694.364216987] [system.system_monitor.system_monitor.system_monitor_container]: Instantiate class: rclcpp_components::NodeFactoryTemplate<MemMonitor>
[INFO] [launch_ros.actions.load_composable_nodes]: Loaded node '/system/system_monitor/mem_monitor' in container '/system/system_monitor/system_monitor/system_monitor_container'
[component_container_mt-20] [INFO] [1756158694.381066323] [system.system_monitor.system_monitor.system_monitor_container]: Load Library: /autoware/install/system_monitor/lib/libprocess_monitor_lib.so
[component_container_mt-20] [INFO] [1756158694.381864802] [system.system_monitor.system_monitor.system_monitor_container]: Found class: rclcpp_components::NodeFactoryTemplate<ProcessMonitor>
[component_container_mt-20] [INFO] [1756158694.381906203] [system.system_monitor.system_monitor.system_monitor_container]: Instantiate class: rclcpp_components::NodeFactoryTemplate<ProcessMonitor>
[INFO] [launch_ros.actions.load_composable_nodes]: Loaded node '/system/system_monitor/process_monitor' in container '/system/system_monitor/system_monitor/system_monitor_container'
[rviz2-15] [INFO] [1756158694.394467499] [rviz2]: Stereo is NOT SUPPORTED
[component_container_mt-20] [INFO] [1756158694.394887621] [system.system_monitor.system_monitor.system_monitor_container]: Load Library: /autoware/install/system_monitor/lib/libvoltage_monitor_lib.so
[component_container_mt-20] [INFO] [1756158694.395730278] [system.system_monitor.system_monitor.system_monitor_container]: Found class: rclcpp_components::NodeFactoryTemplate<VoltageMonitor>
[component_container_mt-20] [INFO] [1756158694.395770955] [system.system_monitor.system_monitor.system_monitor_container]: Instantiate class: rclcpp_components::NodeFactoryTemplate<VoltageMonitor>
[INFO] [launch_ros.actions.load_composable_nodes]: Loaded node '/system/system_monitor/voltage_monitor' in container '/system/system_monitor/system_monitor/system_monitor_container'
[simple_trajectory_generator_node-9] [WARN] [1756158694.742907398] [planning.scenario_planning.simple_trajectory_generator]: New subscription discovered on topic '/planning/scenario_planning/trajectory', requesting incompatible QoS. No messages will be sent to it. Last incompatible policy: RELIABILITY_QOS_POLICY
[simple_trajectory_generator_node-9] [WARN] [1756158694.743917181] [planning.scenario_planning.simple_trajectory_generator]: New subscription discovered on topic '/planning/scenario_planning/trajectory', requesting incompatible QoS. No messages will be sent to it. Last incompatible policy: RELIABILITY_QOS_POLICY
[my_cont-11] [WARN] [1756158694.747907284] [my_cont_node]: New subscription discovered on topic '/control/debug/lookahead_point', requesting incompatible QoS. No messages will be sent to it. Last incompatible policy: RELIABILITY_QOS_POLICY
[my_cont-11] [WARN] [1756158694.748654011] [my_cont_node]: New subscription discovered on topic '/control/debug/lookahead_point', requesting incompatible QoS. No messages will be sent to it. Last incompatible policy: RELIABILITY_QOS_POLICY
[rviz2-15] QObject::connect: No such signal QLineEdit::valueChanged(std::string)
[goal_pose_setter_node-14] [INFO] [1756158697.384523509] [goal_pose_setter]: Call localization trigger
[goal_pose_setter_node-14] [INFO] [1756158697.384744802] [goal_pose_setter]: Complete localization trigger
[rviz2-15] [WARN] [1756158709.696266637] [rviz2]: Negative eigenvalue found for position. Is the covariance matrix correct (positive semidefinite)?
[rviz2-15] [WARN] [1756158710.142745163] [rviz2]: Negative eigenvalue found for position. Is the covariance matrix correct (positive semidefinite)?
[relay-16] [WARN] [1756158719.866992612] [initial_pose_relay]: Some, but not all, publishers on topic /initialpose offer 'transient local' durability. Falling back to 'volatile' durability in orderto connect to all publishers.
[rviz2-15] OpenCV: FFMPEG: tag 0x34363268/'h264' is not supported with codec id 27 and format 'mp4 / MP4 (MPEG-4 Part 14)'
[rviz2-15] OpenCV: FFMPEG: fallback to use tag 0x31637661/'avc1'
[simple_trajectory_generator_node-9] [INFO] [1756158769.954920346] [planning.scenario_planning.simple_trajectory_generator]: Published trajectory with 370 points
[simple_trajectory_generator_node-9] [INFO] [1756158830.954841383] [planning.scenario_planning.simple_trajectory_generator]: Published trajectory with 370 points
[simple_trajectory_generator_node-9] [INFO] [1756158891.954883058] [planning.scenario_planning.simple_trajectory_generator]: Published trajectory with 370 points
